<?xml version="1.0" encoding="UTF-8"?>
<!-- Generated by org.testng.reporters.JUnitReportReporter -->
<testsuite skipped="0" hostname="SarithaChandrahas" name="mavenexample.AppiumTest" tests="2" failures="0" timestamp="2021-08-30T14:11:37 EDT" time="0.008" errors="0">
  <testcase name="iosApp" time="0.008" classname="mavenexample.AppiumTest"/>
  <system-out/>
  <testcase name="nativeAndroidApp" time="0.000" classname="mavenexample.AppiumTest"/>
  <system-out/>
</testsuite> <!-- mavenexample.AppiumTest -->
