<?xml version="1.0" encoding="UTF-8"?>
<!-- Generated by org.testng.reporters.JUnitReportReporter -->
<testsuite skipped="0" hostname="SarithaChandrahas" name="mavenexample.RestApiTest" tests="2" failures="0" timestamp="2021-08-30T14:11:37 EDT" time="0.001" errors="0">
  <testcase name="postJira" time="0.000" classname="mavenexample.RestApiTest"/>
  <system-out/>
  <testcase name="importTest" time="0.001" classname="mavenexample.RestApiTest"/>
  <system-out/>
</testsuite> <!-- mavenexample.RestApiTest -->
