<?xml version="1.0" encoding="UTF-8"?>
<!-- Generated by org.testng.reporters.JUnitReportReporter -->
<testsuite skipped="0" hostname="SarithaChandrahas" name="mavenexample.SeleniumTest" tests="2" failures="0" timestamp="2021-08-30T14:11:37 EDT" time="0.000" errors="0">
  <testcase name="ElementsUI" time="0.000" classname="mavenexample.SeleniumTest"/>
  <system-out/>
  <testcase name="BrowserAutomation" time="0.000" classname="mavenexample.SeleniumTest"/>
  <system-out/>
</testsuite> <!-- mavenexample.SeleniumTest -->
